<?xml version="1.0" encoding="UTF-8"?>
<!-- Generated by org.testng.reporters.JUnitReportReporter -->
<testsuite hostname="TNG-FUD" failures="0" tests="1" name="com.tngtech.jgiven.tests.TestScenarios" time="0.001" errors="0" timestamp="2021-08-17T15:24:33 MESZ" skipped="0">
  <testcase classname="com.tngtech.jgiven.tests.TestScenarios" name="test_with_tag_annotation" time="0.001"/>
  <system-out/>
</testsuite> <!-- com.tngtech.jgiven.tests.TestScenarios -->
